<?xml version="1.0" encoding="UTF-8" standalone="no"?>
<testsuite failures="0" name="cucumber.runtime.formatter.JUnitFormatter" skipped="0" tests="7" time="53.936251">
    <testcase classname="To validate the account creation of fb application" name="To create new account" time="12.545418">
        <system-out><![CDATA[Given To launch the browser and maximise the window.........................passed
When To launch url of fb application........................................passed
And To click create new account button......................................passed
And To pass firstname in firstname text box.................................passed
And To pass lastname in lastname text box...................................passed
And To pass mobileno or email in email text box.............................passed
And To create password in password text box.................................passed
Then To close the chrome browser............................................passed
]]></system-out>
    </testcase>
    <testcase classname="To validate the login functionality of facebook application" name="To validate login with valid username and invalid password" time="6.926575">
        <system-out><![CDATA[Given To launch the chrome browser and maximise window......................passed
When To launch the url of the Facebook application..........................passed
And To pass valid username in email field...................................passed
And To pass invalid password in password field..............................passed
And To click the login button...............................................passed
And To check whether navigate to the home page or not.......................passed
Then To close the browser...................................................passed
]]></system-out>
    </testcase>
    <testcase classname="To validate the login functionality of facebook application" name="To validate the positive and negative combination of login functionality" time="6.836999">
        <system-out><![CDATA[Given To launch the chrome browser and maximise window......................passed
When user has to hit the facebook url.......................................passed
And user has to pass the date "seleniuinmakes@gmail.com" in email field.....passed
And user has to pass the date "inmakes" in password field...................passed
And user has to click the login button......................................passed
Then user has to close the browser..........................................passed
]]></system-out>
    </testcase>
    <testcase classname="To validate the login functionality of facebook application" name="To validate the positive and negative combination of login functionality 2" time="7.044324">
        <system-out><![CDATA[Given To launch the chrome browser and maximise window......................passed
When user has to hit the facebook url.......................................passed
And user has to pass the date "kousidreams@gmail.com" in email field........passed
And user has to pass the date "kousi@09" in password field..................passed
And user has to click the login button......................................passed
Then user has to close the browser..........................................passed
]]></system-out>
    </testcase>
    <testcase classname="To validate the login functionality of facebook application" name="To validate the positive and negative combination of login functionality 3" time="6.96814">
        <system-out><![CDATA[Given To launch the chrome browser and maximise window......................passed
When user has to hit the facebook url.......................................passed
And user has to pass the date "abc@gmail.com" in email field................passed
And user has to pass the date "12345" in password field.....................passed
And user has to click the login button......................................passed
Then user has to close the browser..........................................passed
]]></system-out>
    </testcase>
    <testcase classname="To validate the login functionality of facebook application" name="To validate the positive and negative combination of login functionality 4" time="6.820389">
        <system-out><![CDATA[Given To launch the chrome browser and maximise window......................passed
When user has to hit the facebook url.......................................passed
And user has to pass the date "frameworks@gmail.com" in email field.........passed
And user has to pass the date "cucumber" in password field..................passed
And user has to click the login button......................................passed
Then user has to close the browser..........................................passed
]]></system-out>
    </testcase>
    <testcase classname="To validate the login functionality of facebook application" name="To validate the positive and negative combination of login functionality 5" time="6.794406">
        <system-out><![CDATA[Given To launch the chrome browser and maximise window......................passed
When user has to hit the facebook url.......................................passed
And user has to pass the date "inmakes@gmail.com" in email field............passed
And user has to pass the date "878787" in password field....................passed
And user has to click the login button......................................passed
Then user has to close the browser..........................................passed
]]></system-out>
    </testcase>
</testsuite>
